C:\MARS\WORKS\METRO\FB_COCOS2DX_013\U87ENGINE\DEBUG.WIN32\U87ACTIONEXTENSION.OBJ
C:\MARS\WORKS\METRO\FB_COCOS2DX_013\U87ENGINE\DEBUG.WIN32\U87GAMEEVENT.OBJ
C:\MARS\WORKS\METRO\FB_COCOS2DX_013\U87ENGINE\DEBUG.WIN32\U87DYNAMICS.OBJ
C:\MARS\WORKS\METRO\FB_COCOS2DX_013\U87ENGINE\DEBUG.WIN32\U87CONTROL.OBJ
C:\MARS\WORKS\METRO\FB_COCOS2DX_013\U87ENGINE\DEBUG.WIN32\U87GAMEUNIT.OBJ
C:\MARS\WORKS\METRO\FB_COCOS2DX_013\U87ENGINE\DEBUG.WIN32\U87GEOMETRY.OBJ
C:\MARS\WORKS\METRO\FB_COCOS2DX_013\U87ENGINE\DEBUG.WIN32\U87HUD.OBJ
C:\MARS\WORKS\METRO\FB_COCOS2DX_013\U87ENGINE\DEBUG.WIN32\U87LAYOUT.OBJ
C:\MARS\WORKS\METRO\FB_COCOS2DX_013\U87ENGINE\DEBUG.WIN32\U87MATH.OBJ
C:\MARS\WORKS\METRO\FB_COCOS2DX_013\U87ENGINE\DEBUG.WIN32\U87MOVABLEOBJECT.OBJ
C:\MARS\WORKS\METRO\FB_COCOS2DX_013\U87ENGINE\DEBUG.WIN32\U87PARTICLEMODEL.OBJ
C:\MARS\WORKS\METRO\FB_COCOS2DX_013\U87ENGINE\DEBUG.WIN32\U87TERRAIN.OBJ
C:\MARS\WORKS\METRO\FB_COCOS2DX_013\U87ENGINE\DEBUG.WIN32\U87UTIL.OBJ
C:\MARS\WORKS\METRO\FB_COCOS2DX_013\U87ENGINE\DEBUG.WIN32\U87WORLD.OBJ
C:\MARS\WORKS\METRO\FB_COCOS2DX_013\U87ENGINE\DEBUG.WIN32\VC110.PDB
C:\MARS\WORKS\METRO\FB_COCOS2DX_013\U87ENGINE\DEBUG.WIN32\U87COLLISION.OBJ
C:\MARS\WORKS\MOBILE\U87PROJECT\U87ENGINE\DEBUG.WIN32\U87HUD.OBJ
C:\MARS\WORKS\MOBILE\U87PROJECT\U87ENGINE\DEBUG.WIN32\U87GAMEEVENT.OBJ
C:\MARS\WORKS\MOBILE\U87PROJECT\U87ENGINE\DEBUG.WIN32\U87GEOMETRY.OBJ
C:\MARS\WORKS\MOBILE\U87PROJECT\U87ENGINE\DEBUG.WIN32\U87MOVABLEOBJECT.OBJ
C:\MARS\WORKS\MOBILE\U87PROJECT\U87ENGINE\DEBUG.WIN32\U87TERRAIN.OBJ
C:\MARS\WORKS\MOBILE\U87PROJECT\U87ENGINE\DEBUG.WIN32\U87UTIL.OBJ
C:\MARS\WORKS\MOBILE\U87PROJECT\U87ENGINE\DEBUG.WIN32\U87WORLD.OBJ
C:\MARS\WORKS\MOBILE\U87PROJECT\U87ENGINE\DEBUG.WIN32\VC110.PDB
C:\MARS\WORKS\MOBILE\U87PROJECT\U87ENGINE\DEBUG.WIN32\U87COLLISION.OBJ
C:\MARS\WORKS\MOBILE\U87PROJECT\U87ENGINE\DEBUG.WIN32\U87GAMEUNIT.OBJ
C:\MARS\WORKS\MOBILE\U87PROJECT\U87ENGINE\DEBUG.WIN32\U87MATH.OBJ
C:\MARS\WORKS\MOBILE\U87PROJECT\U87ENGINE\DEBUG.WIN32\U87CONTROL.OBJ
C:\MARS\WORKS\MOBILE\U87PROJECT\U87ENGINE\DEBUG.WIN32\U87DYNAMICS.OBJ
C:\MARS\WORKS\MOBILE\U87PROJECT\U87ENGINE\DEBUG.WIN32\U87PARTICLEMODEL.OBJ
C:\MARS\WORKS\MOBILE\U87PROJECT\U87ENGINE\DEBUG.WIN32\U87ACTIONEXTENSION.OBJ
C:\MARS\WORKS\MOBILE\U87PROJECT\U87ENGINE\DEBUG.WIN32\U87LAYOUT.OBJ
C:\MARS\WORKS\MOBILE\U87PROJECT\U87ENGINE\DEBUG.WIN32\U87CAMERA.OBJ
C:\MARS\WORKS\METRO\FB_COCOS2DX_013\DEBUG.WIN32\LIBU87ENGINE.LIB
C:\MARS\WORKS\MOBILE\U87PROJECT\DEBUG.WIN32\LIBU87ENGINE.LIB
C:\MARS\Works\MOBILE\GitHub\U87Engine\U87Engine\Debug.win32\U87ActionExtension.obj
C:\MARS\Works\MOBILE\GitHub\U87Engine\U87Engine\Debug.win32\U87Camera.obj
C:\MARS\Works\MOBILE\GitHub\U87Engine\U87Engine\Debug.win32\U87Collision.obj
C:\MARS\Works\MOBILE\GitHub\U87Engine\U87Engine\Debug.win32\U87Control.obj
C:\MARS\Works\MOBILE\GitHub\U87Engine\U87Engine\Debug.win32\U87Dynamics.obj
C:\MARS\Works\MOBILE\GitHub\U87Engine\U87Engine\Debug.win32\U87GameEvent.obj
C:\MARS\Works\MOBILE\GitHub\U87Engine\U87Engine\Debug.win32\U87GameUnit.obj
C:\MARS\Works\MOBILE\GitHub\U87Engine\U87Engine\Debug.win32\U87Geometry.obj
C:\MARS\Works\MOBILE\GitHub\U87Engine\U87Engine\Debug.win32\U87Hud.obj
C:\MARS\Works\MOBILE\GitHub\U87Engine\U87Engine\Debug.win32\U87Layout.obj
C:\MARS\Works\MOBILE\GitHub\U87Engine\U87Engine\Debug.win32\U87Math.obj
C:\MARS\Works\MOBILE\GitHub\U87Engine\U87Engine\Debug.win32\U87MovableObject.obj
C:\MARS\Works\MOBILE\GitHub\U87Engine\U87Engine\Debug.win32\U87ParticleModel.obj
C:\MARS\Works\MOBILE\GitHub\U87Engine\U87Engine\Debug.win32\U87Terrain.obj
C:\MARS\Works\MOBILE\GitHub\U87Engine\U87Engine\Debug.win32\U87Util.obj
C:\MARS\Works\MOBILE\GitHub\U87Engine\U87Engine\Debug.win32\U87World.obj
C:\MARS\Works\MOBILE\GitHub\U87Engine\U87Engine\Debug.win32\cl.command.1.tlog
C:\MARS\Works\MOBILE\GitHub\U87Engine\U87Engine\Debug.win32\CL.read.1.tlog
C:\MARS\Works\MOBILE\GitHub\U87Engine\U87Engine\Debug.win32\CL.write.1.tlog
C:\MARS\Works\MOBILE\GitHub\U87Engine\U87Engine\Debug.win32\Lib-link.read.1.tlog
C:\MARS\Works\MOBILE\GitHub\U87Engine\U87Engine\Debug.win32\Lib-link.write.1.tlog
C:\MARS\Works\MOBILE\GitHub\U87Engine\U87Engine\Debug.win32\lib.command.1.tlog
C:\MARS\Works\MOBILE\GitHub\U87Engine\U87Engine\Debug.win32\vc110.idb
C:\MARS\Works\MOBILE\GitHub\U87Engine\U87Engine\Debug.win32\vc110.pdb
C:\MARS\Works\MOBILE\GitHub\U87Engine\Debug.win32\libU87Engine.lib
